# JRE version: OpenJDK Runtime Environment (11.0.8+10) (build 11.0.8+10-b944.6842174)
# Java VM: OpenJDK 64-Bit Server VM (11.0.8+10-b944.6842174, mixed mode, tiered, compressed oops, g1 gc, windows-amd64)
Heap:
 garbage-first heap   total 130048K, used 48327K [0x00000000c8800000, 0x0000000100000000)
  region size 1024K, 1 young (1024K), 1 survivors (1024K)
 Metaspace       used 47828K, capacity 48348K, committed 48464K, reserved 1091584K
  class space    used 5508K, capacity 5721K, committed 5756K, reserved 1048576K
GC Heap History (20 events):
Event: 145.205 GC heap after
{Heap after GC invocations=26 (full 0):
 garbage-first heap   total 57344K, used 46359K [0x00000000c8800000, 0x0000000100000000)
  region size 1024K, 1 young (1024K), 1 survivors (1024K)
 Metaspace       used 47719K, capacity 48281K, committed 48464K, reserved 1091584K
  class space    used 5500K, capacity 5720K, committed 5756K, reserved 1048576K
}
Event: 145.218 GC heap before
{Heap before GC invocations=26 (full 0):
 garbage-first heap   total 57344K, used 47383K [0x00000000c8800000, 0x0000000100000000)
  region size 1024K, 2 young (2048K), 1 survivors (1024K)
 Metaspace       used 47722K, capacity 48281K, committed 48464K, reserved 1091584K
  class space    used 5500K, capacity 5720K, committed 5756K, reserved 1048576K
}
Event: 145.225 GC heap after
{Heap after GC invocations=27 (full 0):
 garbage-first heap   total 57344K, used 46514K [0x00000000c8800000, 0x0000000100000000)
  region size 1024K, 1 young (1024K), 1 survivors (1024K)
 Metaspace       used 47722K, capacity 48281K, committed 48464K, reserved 1091584K
  class space    used 5500K, capacity 5720K, committed 5756K, reserved 1048576K
}
Event: 145.230 GC heap before
{Heap before GC invocations=27 (full 0):
 garbage-first heap   total 57344K, used 47538K [0x00000000c8800000, 0x0000000100000000)
  region size 1024K, 2 young (2048K), 1 survivors (1024K)
 Metaspace       used 47722K, capacity 48281K, committed 48464K, reserved 1091584K
  class space    used 5500K, capacity 5720K, committed 5756K, reserved 1048576K
}
Event: 145.237 GC heap after
{Heap after GC invocations=28 (full 0):
 garbage-first heap   total 57344K, used 46901K [0x00000000c8800000, 0x0000000100000000)
  region size 1024K, 1 young (1024K), 1 survivors (1024K)
 Metaspace       used 47722K, capacity 48281K, committed 48464K, reserved 1091584K
  class space    used 5500K, capacity 5720K, committed 5756K, reserved 1048576K
}
Event: 145.250 GC heap before
{Heap before GC invocations=28 (full 0):
 garbage-first heap   total 57344K, used 47925K [0x00000000c8800000, 0x0000000100000000)
  region size 1024K, 2 young (2048K), 1 survivors (1024K)
 Metaspace       used 47727K, capacity 48281K, committed 48464K, reserved 1091584K
  class space    used 5500K, capacity 5720K, committed 5756K, reserved 1048576K
}
Event: 145.251 GC heap after
{Heap after GC invocations=29 (full 0):
 garbage-first heap   total 57344K, used 46535K [0x00000000c8800000, 0x0000000100000000)
  region size 1024K, 1 young (1024K), 1 survivors (1024K)
 Metaspace       used 47727K, capacity 48281K, committed 48464K, reserved 1091584K
  class space    used 5500K, capacity 5720K, committed 5756K, reserved 1048576K
}
Event: 145.260 GC heap before
{Heap before GC invocations=29 (full 0):
 garbage-first heap   total 57344K, used 47559K [0x00000000c8800000, 0x0000000100000000)
  region size 1024K, 2 young (2048K), 1 survivors (1024K)
 Metaspace       used 47727K, capacity 48281K, committed 48464K, reserved 1091584K
  class space    used 5500K, capacity 5720K, committed 5756K, reserved 1048576K
}
Event: 145.261 GC heap after
{Heap after GC invocations=30 (full 0):
 garbage-first heap   total 57344K, used 46406K [0x00000000c8800000, 0x0000000100000000)
  region size 1024K, 1 young (1024K), 1 survivors (1024K)
 Metaspace       used 47727K, capacity 48281K, committed 48464K, reserved 1091584K
  class space    used 5500K, capacity 5720K, committed 5756K, reserved 1048576K
}
Event: 145.272 GC heap before
{Heap before GC invocations=30 (full 0):
 garbage-first heap   total 57344K, used 47430K [0x00000000c8800000, 0x0000000100000000)
  region size 1024K, 2 young (2048K), 1 survivors (1024K)
 Metaspace       used 47727K, capacity 48281K, committed 48464K, reserved 1091584K
  class space    used 5500K, capacity 5720K, committed 5756K, reserved 1048576K
}
Event: 145.273 GC heap after
{Heap after GC invocations=31 (full 0):
 garbage-first heap   total 57344K, used 46615K [0x00000000c8800000, 0x0000000100000000)
  region size 1024K, 1 young (1024K), 1 survivors (1024K)
 Metaspace       used 47727K, capacity 48281K, committed 48464K, reserved 1091584K
  class space    used 5500K, capacity 5720K, committed 5756K, reserved 1048576K
}
Event: 145.279 GC heap before
{Heap before GC invocations=31 (full 0):
 garbage-first heap   total 57344K, used 47639K [0x00000000c8800000, 0x0000000100000000)
  region size 1024K, 2 young (2048K), 1 survivors (1024K)
 Metaspace       used 47727K, capacity 48281K, committed 48464K, reserved 1091584K
  class space    used 5500K, capacity 5720K, committed 5756K, reserved 1048576K
}
Event: 145.282 GC heap after
{Heap after GC invocations=32 (full 0):
 garbage-first heap   total 57344K, used 46993K [0x00000000c8800000, 0x0000000100000000)
  region size 1024K, 1 young (1024K), 1 survivors (1024K)
 Metaspace       used 47727K, capacity 48281K, committed 48464K, reserved 1091584K
  class space    used 5500K, capacity 5720K, committed 5756K, reserved 1048576K
}
Event: 145.288 GC heap before
{Heap before GC invocations=32 (full 0):
 garbage-first heap   total 57344K, used 48017K [0x00000000c8800000, 0x0000000100000000)
  region size 1024K, 2 young (2048K), 1 survivors (1024K)
 Metaspace       used 47727K, capacity 48281K, committed 48464K, reserved 1091584K
  class space    used 5500K, capacity 5720K, committed 5756K, reserved 1048576K
}
Event: 145.292 GC heap after
{Heap after GC invocations=33 (full 0):
 garbage-first heap   total 57344K, used 47447K [0x00000000c8800000, 0x0000000100000000)
  region size 1024K, 1 young (1024K), 1 survivors (1024K)
 Metaspace       used 47727K, capacity 48281K, committed 48464K, reserved 1091584K
  class space    used 5500K, capacity 5720K, committed 5756K, reserved 1048576K
}
Event: 145.301 GC heap before
{Heap before GC invocations=33 (full 0):
 garbage-first heap   total 57344K, used 48471K [0x00000000c8800000, 0x0000000100000000)
  region size 1024K, 2 young (2048K), 1 survivors (1024K)
 Metaspace       used 47727K, capacity 48281K, committed 48464K, reserved 1091584K
  class space    used 5500K, capacity 5720K, committed 5756K, reserved 1048576K
}
Event: 145.306 GC heap after
{Heap after GC invocations=34 (full 0):
 garbage-first heap   total 57344K, used 47773K [0x00000000c8800000, 0x0000000100000000)
  region size 1024K, 1 young (1024K), 1 survivors (1024K)
 Metaspace       used 47727K, capacity 48281K, committed 48464K, reserved 1091584K
  class space    used 5500K, capacity 5720K, committed 5756K, reserved 1048576K
}
Event: 145.540 GC heap before
{Heap before GC invocations=35 (full 0):
 garbage-first heap   total 57344K, used 48797K [0x00000000c8800000, 0x0000000100000000)
  region size 1024K, 2 young (2048K), 1 survivors (1024K)
 Metaspace       used 47761K, capacity 48281K, committed 48464K, reserved 1091584K
  class space    used 5503K, capacity 5720K, committed 5756K, reserved 1048576K
}
Event: 145.547 GC heap after
{Heap after GC invocations=36 (full 0):
 garbage-first heap   total 57344K, used 48092K [0x00000000c8800000, 0x0000000100000000)
  region size 1024K, 1 young (1024K), 1 survivors (1024K)
 Metaspace       used 47761K, capacity 48281K, committed 48464K, reserved 1091584K
  class space    used 5503K, capacity 5720K, committed 5756K, reserved 1048576K
}
Event: 146.925 GC heap before
{Heap before GC invocations=36 (full 0):
 garbage-first heap   total 57344K, used 49116K [0x00000000c8800000, 0x0000000100000000)
  region size 1024K, 2 young (2048K), 1 survivors (1024K)
 Metaspace       used 47828K, capacity 48348K, committed 48464K, reserved 1091584K
  class space    used 5508K, capacity 5721K, committed 5756K, reserved 1048576K
}

